<?xml version="1.0" encoding="UTF-8"?>
<!-- Generated by org.testng.reporters.JUnitReportReporter -->
<testsuite hostname="DESKTOP-FVH9OTV" failures="0" tests="4" name="testNGDataProvider.TestOne" time="5.360" errors="0" timestamp="2022-11-13T20:52:14 IST" skipped="0">
  <testcase classname="testNGDataProvider.TestOne" name="printStudentDetails" time="0.003"/>
  <system-out/>
  <testcase classname="testNGDataProvider.TestOne" name="printStudentDetails" time="0.012"/>
  <system-out/>
  <testcase classname="testNGDataProvider.TestOne" name="printStudentDetails" time="0.002"/>
  <system-out/>
  <testcase classname="testNGDataProvider.TestOne" name="totalOfDesiredSubjectOfStudents" time="5.343"/>
  <system-out/>
</testsuite> <!-- testNGDataProvider.TestOne -->
