<?xml version="1.0" encoding="UTF-8"?>
<!-- Generated by org.testng.reporters.JUnitReportReporter -->
<testsuite hostname="DESKTOP-FVH9OTV" failures="0" tests="1" name="com.rest.SimplePojoTest" time="6.511" errors="0" timestamp="2022-10-22T12:31:01 IST" skipped="0">
  <testcase classname="com.rest.SimplePojoTest" name="get_Cart_using_CartID" time="6.511"/>
  <system-out/>
</testsuite> <!-- com.rest.SimplePojoTest -->
